<?xml version="1.0" encoding="UTF-8"?>
<!-- Generated by org.testng.reporters.JUnitXMLReporter -->
<testsuite ignored="4" hostname="veli-esen" failures="0" tests="18" name="Surefire test" time="171.246" errors="0" timestamp="2023-06-13T11:30:25 TRT">
  <testcase classname="AccountPageTest" name="TC0015" time="4.314"/>
  <testcase classname="AccountPageTest" name="TC0016" time="4.383"/>
  <testcase classname="AccountPageTest" name="TC0017" time="4.347"/>
  <testcase classname="AccountPageTest" name="TC0018" time="4.438"/>
  <testcase classname="HomePageTest" name="TC0001" time="3.298"/>
  <testcase classname="HomePageTest" name="TC0002" time="7.598"/>
  <testcase classname="HomePageTest" name="TC0003" time="4.866"/>
  <testcase classname="HomePageTest" name="TC0004" time="6.819"/>
  <testcase classname="HomePageTest" name="TC0005" time="3.512"/>
  <testcase classname="HomePageTest" name="TC0006" time="6.317"/>
  <testcase classname="HomePageTest" name="TC0007" time="22.143"/>
  <testcase classname="SignInTest" name="TC0008" time="10.892"/>
  <testcase classname="SignInTest" name="TC0009" time="10.398"/>
  <testcase classname="SignInTest" name="TC0010" time="11.046"/>
  <testcase classname="SignInTest" name="TC0011" time="12.062"/>
  <testcase classname="SignInTest" name="TC0012" time="13.736"/>
  <testcase classname="SignInTest" name="TC0013" time="26.518"/>
  <testcase classname="SignInTest" name="TC0014" time="4.4"/>
  <testcase classname="BaseTest.BaseTest" name="@AfterTest closeAmazon" time="0.0">
    <ignored/>
  </testcase> <!-- @AfterTest closeAmazon -->
  <testcase classname="BaseTest.BaseTest" name="@AfterTest closeAmazon" time="0.0">
    <ignored/>
  </testcase> <!-- @AfterTest closeAmazon -->
  <testcase classname="BaseTest.BaseTest" name="@BeforeTest setUpAmazon" time="0.0">
    <ignored/>
  </testcase> <!-- @BeforeTest setUpAmazon -->
  <testcase classname="BaseTest.BaseTest" name="@BeforeTest setUpAmazon" time="0.0">
    <ignored/>
  </testcase> <!-- @BeforeTest setUpAmazon -->
</testsuite> <!-- Surefire test -->
