<?xml version="1.0" encoding="UTF-8"?>
<testsuite xmlns:xsi="http://www.w3.org/2001/XMLSchema-instance" xsi:noNamespaceSchemaLocation="https://maven.apache.org/surefire/maven-surefire-plugin/xsd/surefire-test-report-3.0.xsd" version="3.0" name="TestSuite" time="172.203" tests="18" errors="0" skipped="0" failures="0">
  <properties>
[...]
</properties>
  <testcase name="TC0015" classname="AccountPageTest" time="4.434">
    <system-out><![CDATA[Initialising Automated Test Runs 
Windows 11 / Firefox
Yeni müşteri misiniz? Üye olun.
]]></system-out>
    <system-err><![CDATA[1686644854961	geckodriver	INFO	Listening on 127.0.0.1:43657
1686644855402	mozrunner::runner	INFO	Running command: "C:\\Program Files\\Mozilla Firefox\\firefox.exe" "--marionette" "--remote-debugging-port" "23704" "--remote ... localhost:23704/,http://[::1]:23704/" "-no-remote" "-profile" "C:\\Users\\90506\\AppData\\Local\\Temp\\rust_mozprofileSjdfDM"
console.warn: services.settings: Ignoring preference override of remote settings server
console.warn: services.settings: Allow by setting MOZ_REMOTE_SETTINGS_DEVTOOLS=1 in the environment
1686644855708	Marionette	INFO	Marionette enabled
Dynamically enable window occlusion 0
1686644855712	Marionette	INFO	Listening on port 54159
Read port: 54159
WebDriver BiDi listening on ws://127.0.0.1:23704
1686644855819	RemoteAgent	WARN	TLS certificate errors will be ignored for this session
DevTools listening on ws://127.0.0.1:23704/devtools/browser/6efbe0c1-cb76-4723-ae81-c0e9b71c23c7
]]></system-err>
  </testcase>
  <testcase name="TC0016" classname="AccountPageTest" time="4.386">
    <system-out><![CDATA[Yeni müşteri misiniz? Üye olun.
]]></system-out>
    <system-err><![CDATA[console.warn: LoginRecipes: "Falling back to a synchronous message for: https://www.amazon.com.tr."
console.warn: LoginRecipes: "Falling back to a synchronous message for: https://www.amazon.com.tr."
]]></system-err>
  </testcase>
  <testcase name="TC0017" classname="AccountPageTest" time="4.349">
    <system-out><![CDATA[Yeni müşteri misiniz? Üye olun.
]]></system-out>
    <system-err><![CDATA[console.warn: LoginRecipes: "Falling back to a synchronous message for: https://www.amazon.com.tr."
]]></system-err>
  </testcase>
  <testcase name="TC0018" classname="AccountPageTest" time="4.44">
    <system-out><![CDATA[Yeni müşteri misiniz? Üye olun.
]]></system-out>
    <system-err><![CDATA[console.warn: LoginRecipes: "Falling back to a synchronous message for: https://www.amazon.com.tr."
]]></system-err>
  </testcase>
  <testcase name="TC0001" classname="HomePageTest" time="3.3">
    <system-out><![CDATA[Yeni müşteri misiniz? Üye olun.
]]></system-out>
  </testcase>
  <testcase name="TC0002" classname="HomePageTest" time="7.598">
    <system-err><![CDATA[console.warn: LoginRecipes: "Falling back to a synchronous message for: https://www.amazon.com.tr."
JavaScript warning: https://images-eu.ssl-images-amazon.com/images/I/81Vsezt3E-L.js?AUIClients/FWCIMAssets, line 298: WEBGL_debug_renderer_info is deprecated in Firefox and will be removed. Please use RENDERER.
]]></system-err>
  </testcase>
  <testcase name="TC0003" classname="HomePageTest" time="4.87">
    <system-err><![CDATA[console.warn: LoginRecipes: "Falling back to a synchronous message for: https://www.amazon.com.tr."
JavaScript warning: https://images-eu.ssl-images-amazon.com/images/I/81Vsezt3E-L.js?AUIClients/FWCIMAssets, line 298: WEBGL_debug_renderer_info is deprecated in Firefox and will be removed. Please use RENDERER.
]]></system-err>
  </testcase>
  <testcase name="TC0004" classname="HomePageTest" time="6.821">
    <system-err><![CDATA[console.warn: LoginRecipes: "Falling back to a synchronous message for: https://www.amazon.com.tr."
JavaScript warning: https://images-eu.ssl-images-amazon.com/images/I/81Vsezt3E-L.js?AUIClients/FWCIMAssets, line 298: WEBGL_debug_renderer_info is deprecated in Firefox and will be removed. Please use RENDERER.
]]></system-err>
  </testcase>
  <testcase name="TC0005" classname="HomePageTest" time="3.525"/>
  <testcase name="TC0006" classname="HomePageTest" time="6.317">
    <system-err><![CDATA[console.warn: LoginRecipes: "Falling back to a synchronous message for: https://www.amazon.com.tr."
console.warn: LoginRecipes: "Falling back to a synchronous message for: https://www.amazon.com.tr."
console.warn: LoginRecipes: "Falling back to a synchronous message for: https://www.amazon.com.tr."
]]></system-err>
  </testcase>
  <testcase name="TC0007" classname="HomePageTest" time="22.146">
    <system-out><![CDATA[Sepete Eklendi
Amazon sepetiniz boş.
]]></system-out>
    <system-err><![CDATA[console.warn: LoginRecipes: "Falling back to a synchronous message for: https://www.amazon.com.tr."
console.warn: LoginRecipes: "Falling back to a synchronous message for: https://www.amazon.com.tr."
console.warn: LoginRecipes: "Falling back to a synchronous message for: https://www.amazon.com.tr."
console.warn: LoginRecipes: "Falling back to a synchronous message for: https://www.amazon.com.tr."
console.warn: LoginRecipes: "Falling back to a synchronous message for: https://www.amazon.com.tr."
console.warn: LoginRecipes: "Falling back to a synchronous message for: https://www.amazon.com.tr."
console.warn: LoginRecipes: "Falling back to a synchronous message for: https://www.amazon.com.tr."
console.warn: LoginRecipes: "Falling back to a synchronous message for: https://www.amazon.com.tr."
console.warn: LoginRecipes: "Falling back to a synchronous message for: https://www.amazon.com.tr."
]]></system-err>
  </testcase>
  <testcase name="TC0008" classname="SignInTest" time="10.895">
    <system-out><![CDATA[Yeni müşteri misiniz? Üye olun.
]]></system-out>
    <system-err><![CDATA[console.warn: LoginRecipes: "Falling back to a synchronous message for: https://www.amazon.com.tr."
JavaScript warning: https://images-eu.ssl-images-amazon.com/images/I/81Vsezt3E-L.js?AUIClients/FWCIMAssets, line 298: WEBGL_debug_renderer_info is deprecated in Firefox and will be removed. Please use RENDERER.
]]></system-err>
  </testcase>
  <testcase name="TC0009" classname="SignInTest" time="10.399">
    <system-out><![CDATA[Yeni müşteri misiniz? Üye olun.
E-posta adresinizi veya cep telefonu numaranızı girin
]]></system-out>
    <system-err><![CDATA[console.warn: LoginRecipes: "Falling back to a synchronous message for: https://www.amazon.com.tr."
console.warn: LoginRecipes: "Falling back to a synchronous message for: https://www.amazon.com.tr."
JavaScript warning: https://images-eu.ssl-images-amazon.com/images/I/81Vsezt3E-L.js?AUIClients/FWCIMAssets, line 298: WEBGL_debug_renderer_info is deprecated in Firefox and will be removed. Please use RENDERER.
]]></system-err>
  </testcase>
  <testcase name="TC0010" classname="SignInTest" time="11.048">
    <system-out><![CDATA[Yeni müşteri misiniz? Üye olun.
]]></system-out>
    <system-err><![CDATA[console.warn: LoginRecipes: "Falling back to a synchronous message for: https://www.amazon.com.tr."
JavaScript warning: https://images-eu.ssl-images-amazon.com/images/I/81Vsezt3E-L.js?AUIClients/FWCIMAssets, line 298: WEBGL_debug_renderer_info is deprecated in Firefox and will be removed. Please use RENDERER.
console.warn: LoginRecipes: "Falling back to a synchronous message for: https://www.amazon.com.tr."
console.warn: LoginRecipes: "Falling back to a synchronous message for: https://www.amazon.com.tr."
console.warn: LoginRecipes: "Falling back to a synchronous message for: https://www.amazon.com.tr."
]]></system-err>
  </testcase>
  <testcase name="TC0011" classname="SignInTest" time="12.064">
    <system-out><![CDATA[Yeni müşteri misiniz? Üye olun.
]]></system-out>
    <system-err><![CDATA[console.warn: LoginRecipes: "Falling back to a synchronous message for: https://www.amazon.com.tr."
JavaScript warning: https://images-eu.ssl-images-amazon.com/images/I/81Vsezt3E-L.js?AUIClients/FWCIMAssets, line 298: WEBGL_debug_renderer_info is deprecated in Firefox and will be removed. Please use RENDERER.
console.warn: LoginRecipes: "Falling back to a synchronous message for: https://www.amazon.com.tr."
]]></system-err>
  </testcase>
  <testcase name="TC0012" classname="SignInTest" time="13.737">
    <system-out><![CDATA[Yeni müşteri misiniz? Üye olun.
]]></system-out>
    <system-err><![CDATA[JavaScript warning: https://images-eu.ssl-images-amazon.com/images/I/81Vsezt3E-L.js?AUIClients/FWCIMAssets, line 298: WEBGL_debug_renderer_info is deprecated in Firefox and will be removed. Please use RENDERER.
]]></system-err>
  </testcase>
  <testcase name="TC0013" classname="SignInTest" time="26.52">
    <system-out><![CDATA[Amazon sepetiniz boş.
]]></system-out>
    <system-err><![CDATA[JavaScript warning: https://images-eu.ssl-images-amazon.com/images/I/81YGDJprg3L._RC|41wvSXeCNFL.js_.js?AUIClients/InContextAuthBaseAssets, line 298: WEBGL_debug_renderer_info is deprecated in Firefox and will be removed. Please use RENDERER.
]]></system-err>
  </testcase>
  <testcase name="TC0014" classname="SignInTest" time="4.403"/>
</testsuite>